<?xml version="1.0" encoding="UTF-8"?>
<testng-results skipped="0" failed="0" total="1" passed="1">
  <reporter-output>
  </reporter-output>
  <suite name="Default suite" duration-ms="14762" started-at="2018-10-30T12:40:23Z" finished-at="2018-10-30T12:40:38Z">
    <groups>
    </groups>
    <test name="Default test" duration-ms="14762" started-at="2018-10-30T12:40:23Z" finished-at="2018-10-30T12:40:38Z">
      <class name="handson.dragNdrop">
        <test-method status="PASS" signature="beforeTest()[pri:0, instance:handson.dragNdrop@9629756]" name="beforeTest" is-config="true" duration-ms="5059" started-at="2018-10-30T18:10:23Z" finished-at="2018-10-30T18:10:28Z">
          <reporter-output>
          </reporter-output>
        </test-method> <!-- beforeTest -->
        <test-method status="PASS" signature="TestDragDrop()[pri:0, instance:handson.dragNdrop@9629756]" name="TestDragDrop" duration-ms="9674" started-at="2018-10-30T18:10:28Z" finished-at="2018-10-30T18:10:38Z">
          <reporter-output>
          </reporter-output>
        </test-method> <!-- TestDragDrop -->
      </class> <!-- handson.dragNdrop -->
    </test> <!-- Default test -->
  </suite> <!-- Default suite -->
</testng-results>
